<?xml version="1.0" encoding="UTF-8"?>
<!-- Generated by org.testng.reporters.JUnitReportReporter -->
<testsuite hostname="DESKTOP-LUNMJ0A" failures="0" tests="1" name="DemoGitPull" time="0.007" errors="0" timestamp="2023-03-24T12:49:14 IST" skipped="0">
  <testcase classname="DemoGitPull" name="demoGitPull" time="0.007"/>
  <system-out/>
</testsuite> <!-- DemoGitPull -->
