<?xml version="1.0" encoding="UTF-8"?>
<!-- Generated by org.testng.reporters.JUnitReportReporter -->
<testsuite hostname="DESKTOP-LUNMJ0A" failures="0" tests="1" name="Practice" time="0.009" errors="0" timestamp="2023-03-24T12:49:19 IST" skipped="0">
  <testcase classname="Practice" name="sample" time="0.009"/>
  <system-out/>
</testsuite> <!-- Practice -->
